生成启动时间为 2019/12/7 0:03:53。
     1>项目“F:\C代码\Seqlist01\Seqlist01\Seqlist01.vcxproj”在节点 2 上(Build 个目标)。
     1>ClCompile:
         E:\vs2013\VC\bin\CL.exe /c /ZI /nologo /W3 /WX- /Od /Oy- /D WIN32 /D _DEBUG /D _CONSOLE /D _LIB /D _UNICODE /D UNICODE /Gm /EHsc /RTC1 /MDd /GS /fp:precise /Zc:wchar_t /Zc:forScope /Fo"Debug\\" /Fd"Debug\vc120.pdb" /Gd /TC /analyze- /errorReport:prompt Seqlist01.c test.c
         test.c
     1>f:\c代码\seqlist01\seqlist01\test.c(30): warning C4013: “SeqListErase”未定义；假设外部返回 int
         Seqlist01.c
     1>f:\c代码\seqlist01\seqlist01\seqlist01.c(29): warning C4018: “<”: 有符号/无符号不匹配
     1>f:\c代码\seqlist01\seqlist01\seqlist01.c(79): warning C4018: “<”: 有符号/无符号不匹配
     1>f:\c代码\seqlist01\seqlist01\seqlist01.c(91): warning C4018: “<”: 有符号/无符号不匹配
     1>f:\c代码\seqlist01\seqlist01\seqlist01.c(109): warning C4018: “>”: 有符号/无符号不匹配
     1>f:\c代码\seqlist01\seqlist01\seqlist01.c(125): warning C4018: “<”: 有符号/无符号不匹配
     1>f:\c代码\seqlist01\seqlist01\seqlist01.c(147): warning C4018: “<”: 有符号/无符号不匹配
     1>f:\c代码\seqlist01\seqlist01\seqlist01.c(149): warning C4018: “<”: 有符号/无符号不匹配
         正在生成代码...
       Link:
         E:\vs2013\VC\bin\link.exe /ERRORREPORT:PROMPT /OUT:"F:\c代码\Seqlist01\Debug\Seqlist01.exe" /INCREMENTAL /NOLOGO kernel32.lib user32.lib gdi32.lib winspool.lib comdlg32.lib advapi32.lib shell32.lib ole32.lib oleaut32.lib uuid.lib odbc32.lib odbccp32.lib /MANIFEST /MANIFESTUAC:"level='asInvoker' uiAccess='false'" /manifest:embed /DEBUG /PDB:"F:\c代码\Seqlist01\Debug\Seqlist01.pdb" /SUBSYSTEM:CONSOLE /TLBID:1 /DYNAMICBASE /NXCOMPAT /IMPLIB:"F:\c代码\Seqlist01\Debug\Seqlist01.lib" /MACHINE:X86 Debug\Seqlist01.obj
         Debug\test.obj
         Seqlist01.vcxproj -> F:\c代码\Seqlist01\Debug\Seqlist01.exe
     1>已完成生成项目“F:\C代码\Seqlist01\Seqlist01\Seqlist01.vcxproj”(Build 个目标)的操作。

生成成功。

已用时间 00:00:00.80
